# JRE version: OpenJDK Runtime Environment (8.0_45-b14) (build 1.8.0_45-internal-b14)
# Java VM: OpenJDK Server VM (25.45-b02 mixed mode linux-x86 )
Heap:
 PSYoungGen      total 19200K, used 3772K [0x92200000, 0x93740000, 0xa6e00000)
  eden space 16640K, 22% used [0x92200000,0x925af3a8,0x93240000)
  from space 2560K, 0% used [0x93240000,0x93240000,0x934c0000)
  to   space 2560K, 0% used [0x934c0000,0x934c0000,0x93740000)
 ParOldGen       total 43776K, used 2044K [0x68a00000, 0x6b4c0000, 0x92200000)
  object space 43776K, 4% used [0x68a00000,0x68bff018,0x6b4c0000)
 Metaspace       used 8856K, capacity 9060K, committed 9240K, reserved 9520K
GC Heap History (4 events):
Event: 10,514 GC heap before
{Heap before GC invocations=1 (full 0):
 PSYoungGen      total 19200K, used 8000K [0x92200000, 0x93740000, 0xa6e00000)
  eden space 16640K, 48% used [0x92200000,0x929d0290,0x93240000)
  from space 2560K, 0% used [0x934c0000,0x934c0000,0x93740000)
  to   space 2560K, 0% used [0x93240000,0x93240000,0x934c0000)
 ParOldGen       total 43776K, used 0K [0x68a00000, 0x6b4c0000, 0x92200000)
  object space 43776K, 0% used [0x68a00000,0x68a00000,0x6b4c0000)
 Metaspace       used 8721K, capacity 8919K, committed 9112K, reserved 9520K
Event: 10,533 GC heap after
Heap after GC invocations=1 (full 0):
 PSYoungGen      total 19200K, used 2074K [0x92200000, 0x93740000, 0xa6e00000)
  eden space 16640K, 0% used [0x92200000,0x92200000,0x93240000)
  from space 2560K, 81% used [0x93240000,0x934468a0,0x934c0000)
  to   space 2560K, 0% used [0x934c0000,0x934c0000,0x93740000)
 ParOldGen       total 43776K, used 12K [0x68a00000, 0x6b4c0000, 0x92200000)
  object space 43776K, 0% used [0x68a00000,0x68a03000,0x6b4c0000)
 Metaspace       used 8721K, capacity 8919K, committed 9112K, reserved 9520K
}
Event: 10,533 GC heap before
{Heap before GC invocations=2 (full 1):
 PSYoungGen      total 19200K, used 2074K [0x92200000, 0x93740000, 0xa6e00000)
  eden space 16640K, 0% used [0x92200000,0x92200000,0x93240000)
  from space 2560K, 81% used [0x93240000,0x934468a0,0x934c0000)
  to   space 2560K, 0% used [0x934c0000,0x934c0000,0x93740000)
 ParOldGen       total 43776K, used 12K [0x68a00000, 0x6b4c0000, 0x92200000)
  object space 43776K, 0% used [0x68a00000,0x68a03000,0x6b4c0000)
 Metaspace       used 8721K, capacity 8919K, committed 9112K, reserved 9520K
Event: 10,575 GC heap after
Heap after GC invocations=2 (full 1):
 PSYoungGen      total 19200K, used 0K [0x92200000, 0x93740000, 0xa6e00000)
  eden space 16640K, 0% used [0x92200000,0x92200000,0x93240000)
  from space 2560K, 0% used [0x93240000,0x93240000,0x934c0000)
  to   space 2560K, 0% used [0x934c0000,0x934c0000,0x93740000)
 ParOldGen       total 43776K, used 2044K [0x68a00000, 0x6b4c0000, 0x92200000)
  object space 43776K, 4% used [0x68a00000,0x68bff018,0x6b4c0000)
 Metaspace       used 8721K, capacity 8919K, committed 9112K, reserved 9520K
}

